<?xml version="1.0" encoding="UTF-8"?>
<testsuite xmlns:xsi="http://www.w3.org/2001/XMLSchema-instance" xsi:noNamespaceSchemaLocation="https://maven.apache.org/surefire/maven-surefire-plugin/xsd/surefire-test-report.xsd" name="br.com.freitas.MicronautDemoElasticsearchTest" time="1.193" tests="1" errors="1" skipped="0" failures="0">
  <properties>
[...]
</properties>
  <testcase name="br.com.freitas.MicronautDemoElasticsearchTest" classname="br.com.freitas.MicronautDemoElasticsearchTest" time="1.192">
    <error message="Unable to start Micronaut server on port: 8080" type="io.micronaut.http.server.exceptions.ServerStartupException">io.micronaut.http.server.exceptions.ServerStartupException: Unable to start Micronaut server on port: 8080
Caused by: java.net.BindException: Address already in use
</error>
    <system-out><![CDATA[&amp#27;[36m20:35:13.138&amp#27;[0;39m &amp#27;[1;30m[main]&amp#27;[0;39m &amp#27;[34mINFO &amp#27;[0;39m &amp#27;[35mi.m.context.env.DefaultEnvironment&amp#27;[0;39m -
        Established active environments: [test]
&amp#27;[36m20:35:13.691&amp#27;[0;39m &amp#27;[1;30m[main]&amp#27;[0;39m &amp#27;[1;31mERROR&amp#27;[0;39m &amp#27;[35mi.m.h.server.netty.NettyHttpServer&amp#27;[0;39m -
        Unable to start server. Port already 8080 in use.
]]></system-out>
  </testcase>
</testsuite>